#
# There is insufficient memory for the Java Runtime Environment to continue.
# Native memory allocation (mmap) failed to map 132120576 bytes for G1 virtual space
# Possible reasons:
#   The system is out of physical RAM or swap space
#   The process is running with CompressedOops enabled, and the Java Heap may be blocking the growth of the native heap
# Possible solutions:
#   Reduce memory load on the system
#   Increase physical memory or swap space
#   Check if swap backing store is full
#   Decrease Java heap size (-Xmx/-Xms)
#   Decrease number of Java threads
#   Decrease Java thread stack sizes (-Xss)
#   Set larger code cache with -XX:ReservedCodeCacheSize=
#   JVM is running with Unscaled Compressed Oops mode in which the Java heap is
#     placed in the first 4GB address space. The Java Heap base address is the
#     maximum limit for the native heap growth. Please use -XX:HeapBaseMinAddress
#     to set the Java Heap base and to place the Java Heap above 4GB virtual address.
# This output file may be truncated or incomplete.
#
#  Out of Memory Error (./open/src/hotspot/os/windows/os_windows.cpp:3472), pid=18232, tid=18060
#
# JRE version:  (15.0.1+9) (build )
# Java VM: OpenJDK 64-Bit Server VM (15.0.1+9-18, mixed mode, sharing, tiered, compressed oops, g1 gc, windows-amd64)
# No core dump will be written. Minidumps are not enabled by default on client versions of Windows
#

---------------  S U M M A R Y ------------

Command Line: -Dfile.encoding=Cp1252 -XX:+ShowCodeDetailsInExceptionMessages playground.selenium_playground

Host: Intel(R) Core(TM) i7-7500U CPU @ 2.70GHz, 4 cores, 7G,  Windows 10 , 64 bit Build 18362 (10.0.18362.1110)
Time: Sat Dec 12 02:31:38 2020 Egypt Standard Time elapsed time: 0.020711 seconds (0d 0h 0m 0s)

---------------  T H R E A D  ---------------

Current thread (0x0000021c22abb130):  JavaThread "Unknown thread" [_thread_in_vm, id=18060, stack(0x000000eb21f00000,0x000000eb22000000)]

Stack: [0x000000eb21f00000,0x000000eb22000000]
Native frames: (J=compiled Java code, j=interpreted, Vv=VM code, C=native code)
V  [jvm.dll+0x62ae9a]
V  [jvm.dll+0x781389]
V  [jvm.dll+0x782ae3]
V  [jvm.dll+0x783143]
V  [jvm.dll+0x216265]
V  [jvm.dll+0x6281d9]
V  [jvm.dll+0x61cd15]
V  [jvm.dll+0x2d01fd]
V  [jvm.dll+0x2d0062]
V  [jvm.dll+0x2d603c]
V  [jvm.dll+0x325b2a]
V  [jvm.dll+0x3251f4]
V  [jvm.dll+0x2a717a]
V  [jvm.dll+0x2a8318]
V  [jvm.dll+0x75e101]
V  [jvm.dll+0x3343e4]
V  [jvm.dll+0x73e826]
V  [jvm.dll+0x3b7777]
V  [jvm.dll+0x3b9201]
C  [jli.dll+0x52fb]
C  [ucrtbase.dll+0x210b2]
C  [KERNEL32.DLL+0x17c24]
C  [ntdll.dll+0x6d4d1]


---------------  P R O C E S S  ---------------

Threads class SMR info:
_java_thread_list=0x00007ffcc1244ff0, length=0, elements={
}

Java Threads: ( => current thread )

Other Threads:
  0x0000021c22b43f60 GCTaskThread "GC Thread#0" [stack: 0x000000eb22000000,0x000000eb22100000] [id=16828]
  0x0000021c22b56ca0 ConcurrentGCThread "G1 Main Marker" [stack: 0x000000eb22100000,0x000000eb22200000] [id=1108]
  0x0000021c22b58110 ConcurrentGCThread "G1 Conc#0" [stack: 0x000000eb22200000,0x000000eb22300000] [id=7492]

[error occurred during error reporting (printing all threads), id 0xc0000005, EXCEPTION_ACCESS_VIOLATION (0xc0000005) at pc=0x00007ffcc0a38047]

VM state: not at safepoint (not fully initialized)

VM Mutex/Monitor currently owned by a thread:  ([mutex/lock_event])
[0x0000021c22b060e0] Heap_lock - owner thread: 0x0000021c22abb130

Heap address: 0x0000000082600000, size: 2010 MB, Compressed Oops mode: 32-bit
CDS archive(s) mapped at: [0x0000000000000000-0x0000000000000000-0x0000000000000000), size 0, SharedBaseAddress: 0x0000000800000000, ArchiveRelocationMode: 0.
Narrow klass base: 0x0000000000000000, Narrow klass shift: 0, Narrow klass range: 0x0

Heap:
 garbage-first heap   total 129024K, used 0K [0x0000000082600000, 0x0000000100000000)
  region size 1024K, 0 young (0K), 0 survivors (0K)
 Metaspace       used 0K, capacity 0K, committed 0K, reserved 0K
  class space    used 0K, capacity 0K, committed 0K, reserved 0K

Heap Regions: E=young(eden), S=young(survivor), O=old, HS=humongous(starts), HC=humongous(continues), CS=collection set, F=free, OA=open archive, CA=closed archive, TAMS=top-at-mark-start (previous, next)

Card table byte_map: [0x0000021c37720000,0x0000021c37b10000] _byte_map_base: 0x0000021c3730d000

Marking Bits (Prev, Next): (CMBitMap*) 0x0000021c22b46700, (CMBitMap*) 0x0000021c22b46740
 Prev Bits: [0x0000021c37f00000, 0x0000021c39e68000)
 Next Bits: [0x0000021c39e70000, 0x0000021c3bdd8000)

GC Heap History (0 events):
No events

Deoptimization events (0 events):
No events

Classes unloaded (0 events):
No events

Classes redefined (0 events):
No events

Internal exceptions (0 events):
No events

Events (1 events):
Event: 0.008 Loaded shared library C:\Users\Lamees El-razik\.p2\pool\plugins\org.eclipse.justj.openjdk.hotspot.jre.full.win32.x86_64_15.0.1.v20201027-0507\jre\bin\java.dll


Dynamic libraries:
0x00007ff6dd620000 - 0x00007ff6dd62d000 	C:\Users\Lamees El-razik\.p2\pool\plugins\org.eclipse.justj.openjdk.hotspot.jre.full.win32.x86_64_15.0.1.v20201027-0507\jre\bin\javaw.exe
0x00007ffd0bea0000 - 0x00007ffd0c090000 	C:\WINDOWS\SYSTEM32\ntdll.dll
0x00007ffd0b090000 - 0x00007ffd0b142000 	C:\WINDOWS\System32\KERNEL32.DLL
0x00007ffd09be0000 - 0x00007ffd09e85000 	C:\WINDOWS\System32\KERNELBASE.dll
0x00007ffd097e0000 - 0x00007ffd098da000 	C:\WINDOWS\System32\ucrtbase.dll
0x00007ffcddc90000 - 0x00007ffcddca8000 	C:\Users\Lamees El-razik\.p2\pool\plugins\org.eclipse.justj.openjdk.hotspot.jre.full.win32.x86_64_15.0.1.v20201027-0507\jre\bin\jli.dll
0x00007ffd0ab70000 - 0x00007ffd0ad04000 	C:\WINDOWS\System32\USER32.dll
0x00007ffd098e0000 - 0x00007ffd09901000 	C:\WINDOWS\System32\win32u.dll
0x00007ffd0aaa0000 - 0x00007ffd0aac6000 	C:\WINDOWS\System32\GDI32.dll
0x00007ffd09a40000 - 0x00007ffd09bd6000 	C:\WINDOWS\System32\gdi32full.dll
0x00007ffd09e90000 - 0x00007ffd09f2e000 	C:\WINDOWS\System32\msvcp_win.dll
0x00007ffcda3d0000 - 0x00007ffcda3e9000 	C:\Users\Lamees El-razik\.p2\pool\plugins\org.eclipse.justj.openjdk.hotspot.jre.full.win32.x86_64_15.0.1.v20201027-0507\jre\bin\VCRUNTIME140.dll
0x00007ffcfc290000 - 0x00007ffcfc514000 	C:\WINDOWS\WinSxS\amd64_microsoft.windows.common-controls_6595b64144ccf1df_6.0.18362.1198_none_9e820b57e45ad92f\COMCTL32.dll
0x00007ffd0aa00000 - 0x00007ffd0aa9e000 	C:\WINDOWS\System32\msvcrt.dll
0x00007ffd0bb20000 - 0x00007ffd0be55000 	C:\WINDOWS\System32\combase.dll
0x00007ffd0b480000 - 0x00007ffd0b5a0000 	C:\WINDOWS\System32\RPCRT4.dll
0x00007ffd099c0000 - 0x00007ffd09a40000 	C:\WINDOWS\System32\bcryptPrimitives.dll
0x00007ffd0b450000 - 0x00007ffd0b47e000 	C:\WINDOWS\System32\IMM32.DLL
0x00007ffd02040000 - 0x00007ffd0204c000 	C:\Users\Lamees El-razik\.p2\pool\plugins\org.eclipse.justj.openjdk.hotspot.jre.full.win32.x86_64_15.0.1.v20201027-0507\jre\bin\vcruntime140_1.dll
0x00007ffcc9120000 - 0x00007ffcc91b1000 	C:\Users\Lamees El-razik\.p2\pool\plugins\org.eclipse.justj.openjdk.hotspot.jre.full.win32.x86_64_15.0.1.v20201027-0507\jre\bin\msvcp140.dll
0x00007ffcc0780000 - 0x00007ffcc12de000 	C:\Users\Lamees El-razik\.p2\pool\plugins\org.eclipse.justj.openjdk.hotspot.jre.full.win32.x86_64_15.0.1.v20201027-0507\jre\bin\server\jvm.dll
0x00007ffd0a080000 - 0x00007ffd0a123000 	C:\WINDOWS\System32\ADVAPI32.dll
0x00007ffd0ad20000 - 0x00007ffd0adb7000 	C:\WINDOWS\System32\sechost.dll
0x00007ffd0ad10000 - 0x00007ffd0ad18000 	C:\WINDOWS\System32\PSAPI.DLL
0x00007ffcecb30000 - 0x00007ffcecb39000 	C:\WINDOWS\SYSTEM32\WSOCK32.dll
0x00007ffd0af70000 - 0x00007ffd0afdf000 	C:\WINDOWS\System32\WS2_32.dll
0x00007ffd06420000 - 0x00007ffd06444000 	C:\WINDOWS\SYSTEM32\WINMM.dll
0x00007ffcfed00000 - 0x00007ffcfed0a000 	C:\WINDOWS\SYSTEM32\VERSION.dll
0x00007ffd06300000 - 0x00007ffd0632d000 	C:\WINDOWS\SYSTEM32\WINMMBASE.dll
0x00007ffd08e50000 - 0x00007ffd08e9a000 	C:\WINDOWS\System32\cfgmgr32.dll
0x00007ffd08d60000 - 0x00007ffd08d71000 	C:\WINDOWS\System32\kernel.appcore.dll
0x00007ffd01e60000 - 0x00007ffd01e6a000 	C:\Users\Lamees El-razik\.p2\pool\plugins\org.eclipse.justj.openjdk.hotspot.jre.full.win32.x86_64_15.0.1.v20201027-0507\jre\bin\jimage.dll
0x00007ffd07420000 - 0x00007ffd07614000 	C:\WINDOWS\SYSTEM32\DBGHELP.DLL
0x00007ffd00bb0000 - 0x00007ffd00bda000 	C:\WINDOWS\SYSTEM32\dbgcore.DLL
0x00007ffce24f0000 - 0x00007ffce2515000 	C:\Users\Lamees El-razik\.p2\pool\plugins\org.eclipse.justj.openjdk.hotspot.jre.full.win32.x86_64_15.0.1.v20201027-0507\jre\bin\java.dll

dbghelp: loaded successfully - version: 4.0.5 - missing functions: none
symbol engine: initialized successfully - sym options: 0x614 - pdb path: .;C:\Users\Lamees El-razik\.p2\pool\plugins\org.eclipse.justj.openjdk.hotspot.jre.full.win32.x86_64_15.0.1.v20201027-0507\jre\bin;C:\WINDOWS\SYSTEM32;C:\WINDOWS\WinSxS\amd64_microsoft.windows.common-controls_6595b64144ccf1df_6.0.18362.1198_none_9e820b57e45ad92f;C:\Users\Lamees El-razik\.p2\pool\plugins\org.eclipse.justj.openjdk.hotspot.jre.full.win32.x86_64_15.0.1.v20201027-0507\jre\bin\server

VM Arguments:
jvm_args: -Dfile.encoding=Cp1252 -XX:+ShowCodeDetailsInExceptionMessages 
java_command: playground.selenium_playground
java_class_path (initial): C:\Users\Lamees El-razik\Desktop\Aggreko Test Automatio Task_Ver_1.0\bin;C:\Users\Lamees El-razik\.p2\pool\plugins\org.testng_7.3.0.r202008060316.jar;C:\Users\Lamees El-razik\.p2\pool\plugins\com.beust.jcommander_1.78.0.jar;C:\Users\Lamees El-razik\.p2\pool\plugins\org.apache-extras.beanshell.bsh_2.0.0.b6.jar;C:\Users\Lamees El-razik\.p2\pool\plugins\org.yaml.snakeyaml_1.21.0.jar;C:\Users\Lamees El-razik\Desktop\Aggreko Test Automatio Task_Ver_1.0\Jar_files\sikulixide-2.0.4.jar;C:\Users\Lamees El-razik\Desktop\Aggreko Test Automatio Task_Ver_1.0\selenium jar file\lib\annotations-13.0.jar;C:\Users\Lamees El-razik\Desktop\Aggreko Test Automatio Task_Ver_1.0\selenium jar file\lib\async-http-client-2.12.1.jar;C:\Users\Lamees El-razik\Desktop\Aggreko Test Automatio Task_Ver_1.0\selenium jar file\lib\async-http-client-netty-utils-2.12.1.jar;C:\Users\Lamees El-razik\Desktop\Aggreko Test Automatio Task_Ver_1.0\selenium jar file\lib\auto-common-0.10.jar;C:\Users\Lamees El-razik\Desktop\Aggreko Test Automatio Task_Ver_1.0\selenium jar file\lib\auto-service-1.0-rc6.jar;C:\Users\Lamees El-razik\Desktop\Aggreko Test Automatio Task_Ver_1.0\selenium jar file\lib\auto-service-annotations-1.0-rc6.jar;C:\Users\Lamees El-razik\Desktop\Aggreko Test Automatio Task_Ver_1.0\selenium jar file\lib\byte-buddy-1.10.9.jar;C:\Users\Lamees El-razik\Desktop\Aggreko Test Automatio Task_Ver_1.0\selenium jar file\lib\checker-qual-2.11.1.jar;C:\Users\Lamees El-razik\Desktop\Aggreko Test Automatio Task_Ver_1.0\selenium jar file\lib\commons-exec-1.3.jar;C:\Users\Lamees El-razik\Desktop\Aggreko Test Automatio Task_Ver_1.0\selenium jar file\lib\error_prone_annotations-2.3.4.jar;C:\Users\Lamees El-razik\Desktop\Aggreko Test Automatio Task_Ver_1.0\selenium jar file\lib\failureaccess-1.0.1.jar;C:\Users\Lamees El-razik\Desktop\Aggreko Test Automatio Task_Ver_1.0\selenium jar file\lib\grpc-context-1.28.0.jar;C:\Users\Lamees El-razik\Desktop\Aggreko Test Automatio Task_Ver_1.0\sele
Launcher Type: SUN_STANDARD

[Global flags]
     intx CICompilerCount                          = 3                                         {product} {ergonomic}
     uint ConcGCThreads                            = 1                                         {product} {ergonomic}
     uint G1ConcRefinementThreads                  = 4                                         {product} {ergonomic}
   size_t G1HeapRegionSize                         = 1048576                                   {product} {ergonomic}
    uintx GCDrainStackTargetSize                   = 64                                        {product} {ergonomic}
   size_t InitialHeapSize                          = 132120576                                 {product} {ergonomic}
   size_t MarkStackSize                            = 4194304                                   {product} {ergonomic}
   size_t MaxHeapSize                              = 2107637760                                {product} {ergonomic}
   size_t MinHeapDeltaBytes                        = 1048576                                   {product} {ergonomic}
   size_t MinHeapSize                              = 8388608                                   {product} {ergonomic}
    uintx NonNMethodCodeHeapSize                   = 5832780                                {pd product} {ergonomic}
    uintx NonProfiledCodeHeapSize                  = 122912730                              {pd product} {ergonomic}
    uintx ProfiledCodeHeapSize                     = 122912730                              {pd product} {ergonomic}
    uintx ReservedCodeCacheSize                    = 251658240                              {pd product} {ergonomic}
     bool SegmentedCodeCache                       = true                                      {product} {ergonomic}
     bool ShowCodeDetailsInExceptionMessages       = true                                   {manageable} {command line}
   size_t SoftMaxHeapSize                          = 2107637760                             {manageable} {ergonomic}
     bool UseCompressedClassPointers               = true                                 {lp64_product} {ergonomic}
     bool UseCompressedOops                        = true                                 {lp64_product} {ergonomic}
     bool UseG1GC                                  = true                                      {product} {ergonomic}
     bool UseLargePagesIndividualAllocation        = false                                  {pd product} {ergonomic}

Logging:
Log output configuration:
 #0: stdout all=warning uptime,level,tags
 #1: stderr all=off uptime,level,tags

Environment Variables:
JAVA_HOME=C:\Program Files\Java\jdk1.8.0_271
PATH=C:/Users/Lamees El-razik/.p2/pool/plugins/org.eclipse.justj.openjdk.hotspot.jre.full.win32.x86_64_15.0.1.v20201027-0507/jre/bin/server;C:/Users/Lamees El-razik/.p2/pool/plugins/org.eclipse.justj.openjdk.hotspot.jre.full.win32.x86_64_15.0.1.v20201027-0507/jre/bin;C:\Program Files (x86)\Common Files\Oracle\Java\javapath;C:\ProgramData\Oracle\Java\javapath;C:\WINDOWS\system32;C:\WINDOWS;C:\WINDOWS\System32\Wbem;C:\WINDOWS\System32\WindowsPowerShell\v1.0\;C:\Program Files\Java\jdk1.8.0_45\bin;C:\Program Files (x86)\Git\cmd;C:\Program Files (x86)\GitExtensions\;C:\Program Files (x86)\Microsoft SQL Server\110\DTS\Binn\;C:\Program Files (x86)\Microsoft SQL Server\110\Tools\Binn\;C:\Program Files (x86)\Microsoft SQL Server\110\Tools\Binn\ManagementStudio\;C:\Program Files (x86)\Microsoft Visual Studio 10.0\Common7\IDE\PrivateAssemblies\;C:\Program Files\Microsoft SQL Server\110\Tools\Binn\;C:\Python27;C:\Program Files (x86)\Windows Kits\8.1\Windows Performance Toolkit\;C:\Program Files (x86)\Skype\Phone\;C:\WINDOWS\System32\OpenSSH\;C:\Program Files\Intel\WiFi\bin\;C:\Program Files\Common Files\Intel\WirelessCommon\;C:\Program Files (x86)\Windows Kits\10\Windows Performance Toolkit\;C:\Users\Lamees El-razik\AppData\Local\Microsoft\WindowsApps;;C:\WINDOWS\system32;
USERNAME=Lamees El-razik
OS=Windows_NT
PROCESSOR_IDENTIFIER=Intel64 Family 6 Model 142 Stepping 9, GenuineIntel



---------------  S Y S T E M  ---------------

OS:
 Windows 10 , 64 bit Build 18362 (10.0.18362.1110)
OS uptime: 0 days 4:58 hours

CPU: total 4 (initial active 4) (2 cores per cpu, 2 threads per core) family 6 model 142 stepping 9 microcode 0x8e, cmov, cx8, fxsr, mmx, sse, sse2, sse3, ssse3, sse4.1, sse4.2, popcnt, vzeroupper, avx, avx2, aes, clmul, erms, 3dnowpref, lzcnt, ht, tsc, tscinvbit, bmi1, bmi2, adx, fma, clflush, clflushopt

Memory: 4k page, system-wide physical 8036M (433M free)
TotalPageFile size 16057M (AvailPageFile size 102M)
current process WorkingSet (physical memory assigned to process): 10M, peak: 10M
current process commit charge ("private bytes"): 51M, peak: 177M

vm_info: OpenJDK 64-Bit Server VM (15.0.1+9-18) for windows-amd64 JRE (15.0.1+9-18), built on Sep 15 2020 14:39:31 by "mach5one" with unknown MS VC++:1925

END.
